# JRE version: Java(TM) SE Runtime Environment (8.0_111-b14) (build 1.8.0_111-b14)
# Java VM: Java HotSpot(TM) 64-Bit Server VM (25.111-b14 mixed mode windows-amd64 compressed oops)
Heap:
 PSYoungGen      total 218112K, used 73659K [0x000000076ad00000, 0x0000000782f80000, 0x00000007c0000000)
  eden space 164864K, 15% used [0x000000076ad00000,0x000000076c68dfc0,0x0000000774e00000)
  from space 53248K, 89% used [0x0000000774e00000,0x0000000777c60e20,0x0000000778200000)
  to   space 76800K, 0% used [0x000000077e480000,0x000000077e480000,0x0000000782f80000)
 ParOldGen       total 308224K, used 117652K [0x00000006c0600000, 0x00000006d3300000, 0x000000076ad00000)
  object space 308224K, 38% used [0x00000006c0600000,0x00000006c78e5198,0x00000006d3300000)
 Metaspace       used 22413K, capacity 22926K, committed 23216K, reserved 1069056K
  class space    used 2562K, capacity 2694K, committed 2736K, reserved 1048576K
GC Heap History (10 events):
Event: 7.048 GC heap before
{Heap before GC invocations=7 (full 1):
 PSYoungGen      total 76288K, used 65536K [0x000000076ad00000, 0x0000000774900000, 0x00000007c0000000)
  eden space 65536K, 100% used [0x000000076ad00000,0x000000076ed00000,0x000000076ed00000)
  from space 10752K, 0% used [0x000000076ed00000,0x000000076ed00000,0x000000076f780000)
  to   space 14336K, 0% used [0x0000000773b00000,0x0000000773b00000,0x0000000774900000)
 ParOldGen       total 114176K, used 15127K [0x00000006c0600000, 0x00000006c7580000, 0x000000076ad00000)
  object space 114176K, 13% used [0x00000006c0600000,0x00000006c14c5e28,0x00000006c7580000)
 Metaspace       used 21609K, capacity 22126K, committed 22448K, reserved 1069056K
  class space    used 2532K, capacity 2662K, committed 2736K, reserved 1048576K
Event: 7.075 GC heap after
Heap after GC invocations=7 (full 1):
 PSYoungGen      total 121856K, used 14313K [0x000000076ad00000, 0x0000000774900000, 0x00000007c0000000)
  eden space 107520K, 0% used [0x000000076ad00000,0x000000076ad00000,0x0000000771600000)
  from space 14336K, 99% used [0x0000000773b00000,0x00000007748fa660,0x0000000774900000)
  to   space 16896K, 0% used [0x0000000772800000,0x0000000772800000,0x0000000773880000)
 ParOldGen       total 114176K, used 18246K [0x00000006c0600000, 0x00000006c7580000, 0x000000076ad00000)
  object space 114176K, 15% used [0x00000006c0600000,0x00000006c17d1908,0x00000006c7580000)
 Metaspace       used 21609K, capacity 22126K, committed 22448K, reserved 1069056K
  class space    used 2532K, capacity 2662K, committed 2736K, reserved 1048576K
}
Event: 8.207 GC heap before
{Heap before GC invocations=8 (full 1):
 PSYoungGen      total 121856K, used 121833K [0x000000076ad00000, 0x0000000774900000, 0x00000007c0000000)
  eden space 107520K, 100% used [0x000000076ad00000,0x0000000771600000,0x0000000771600000)
  from space 14336K, 99% used [0x0000000773b00000,0x00000007748fa660,0x0000000774900000)
  to   space 16896K, 0% used [0x0000000772800000,0x0000000772800000,0x0000000773880000)
 ParOldGen       total 114176K, used 18246K [0x00000006c0600000, 0x00000006c7580000, 0x000000076ad00000)
  object space 114176K, 15% used [0x00000006c0600000,0x00000006c17d1908,0x00000006c7580000)
 Metaspace       used 21680K, capacity 22190K, committed 22448K, reserved 1069056K
  class space    used 2533K, capacity 2662K, committed 2736K, reserved 1048576K
Event: 8.258 GC heap after
Heap after GC invocations=8 (full 1):
 PSYoungGen      total 142848K, used 16895K [0x000000076ad00000, 0x000000077a480000, 0x00000007c0000000)
  eden space 125952K, 0% used [0x000000076ad00000,0x000000076ad00000,0x0000000772800000)
  from space 16896K, 99% used [0x0000000772800000,0x000000077387fee8,0x0000000773880000)
  to   space 35328K, 0% used [0x0000000778200000,0x0000000778200000,0x000000077a480000)
 ParOldGen       total 114176K, used 52168K [0x00000006c0600000, 0x00000006c7580000, 0x000000076ad00000)
  object space 114176K, 45% used [0x00000006c0600000,0x00000006c38f2370,0x00000006c7580000)
 Metaspace       used 21680K, capacity 22190K, committed 22448K, reserved 1069056K
  class space    used 2533K, capacity 2662K, committed 2736K, reserved 1048576K
}
Event: 8.875 GC heap before
{Heap before GC invocations=9 (full 1):
 PSYoungGen      total 142848K, used 142847K [0x000000076ad00000, 0x000000077a480000, 0x00000007c0000000)
  eden space 125952K, 100% used [0x000000076ad00000,0x0000000772800000,0x0000000772800000)
  from space 16896K, 99% used [0x0000000772800000,0x000000077387fee8,0x0000000773880000)
  to   space 35328K, 0% used [0x0000000778200000,0x0000000778200000,0x000000077a480000)
 ParOldGen       total 114176K, used 52168K [0x00000006c0600000, 0x00000006c7580000, 0x000000076ad00000)
  object space 114176K, 45% used [0x00000006c0600000,0x00000006c38f2370,0x00000006c7580000)
 Metaspace       used 21691K, capacity 22254K, committed 22448K, reserved 1069056K
  class space    used 2533K, capacity 2662K, committed 2736K, reserved 1048576K
Event: 8.924 GC heap after
Heap after GC invocations=9 (full 1):
 PSYoungGen      total 200192K, used 35316K [0x000000076ad00000, 0x000000077ef00000, 0x00000007c0000000)
  eden space 164864K, 0% used [0x000000076ad00000,0x000000076ad00000,0x0000000774e00000)
  from space 35328K, 99% used [0x0000000778200000,0x000000077a47d2c0,0x000000077a480000)
  to   space 53248K, 0% used [0x0000000774e00000,0x0000000774e00000,0x0000000778200000)
 ParOldGen       total 114176K, used 80235K [0x00000006c0600000, 0x00000006c7580000, 0x000000076ad00000)
  object space 114176K, 70% used [0x00000006c0600000,0x00000006c545ad48,0x00000006c7580000)
 Metaspace       used 21691K, capacity 22254K, committed 22448K, reserved 1069056K
  class space    used 2533K, capacity 2662K, committed 2736K, reserved 1048576K
}
Event: 10.383 GC heap before
{Heap before GC invocations=10 (full 1):
 PSYoungGen      total 200192K, used 200180K [0x000000076ad00000, 0x000000077ef00000, 0x00000007c0000000)
  eden space 164864K, 100% used [0x000000076ad00000,0x0000000774e00000,0x0000000774e00000)
  from space 35328K, 99% used [0x0000000778200000,0x000000077a47d2c0,0x000000077a480000)
  to   space 53248K, 0% used [0x0000000774e00000,0x0000000774e00000,0x0000000778200000)
 ParOldGen       total 114176K, used 80235K [0x00000006c0600000, 0x00000006c7580000, 0x000000076ad00000)
  object space 114176K, 70% used [0x00000006c0600000,0x00000006c545ad48,0x00000006c7580000)
 Metaspace       used 22383K, capacity 22926K, committed 23216K, reserved 1069056K
  class space    used 2560K, capacity 2694K, committed 2736K, reserved 1048576K
Event: 10.442 GC heap after
Heap after GC invocations=10 (full 1):
 PSYoungGen      total 218112K, used 53245K [0x000000076ad00000, 0x0000000782f80000, 0x00000007c0000000)
  eden space 164864K, 0% used [0x000000076ad00000,0x000000076ad00000,0x0000000774e00000)
  from space 53248K, 99% used [0x0000000774e00000,0x00000007781ff6d8,0x0000000778200000)
  to   space 76800K, 0% used [0x000000077e480000,0x000000077e480000,0x0000000782f80000)
 ParOldGen       total 117760K, used 117166K [0x00000006c0600000, 0x00000006c7900000, 0x000000076ad00000)
  object space 117760K, 99% used [0x00000006c0600000,0x00000006c786b850,0x00000006c7900000)
 Metaspace       used 22383K, capacity 22926K, committed 23216K, reserved 1069056K
  class space    used 2560K, capacity 2694K, committed 2736K, reserved 1048576K
}
Event: 10.442 GC heap before
{Heap before GC invocations=11 (full 2):
 PSYoungGen      total 218112K, used 53245K [0x000000076ad00000, 0x0000000782f80000, 0x00000007c0000000)
  eden space 164864K, 0% used [0x000000076ad00000,0x000000076ad00000,0x0000000774e00000)
  from space 53248K, 99% used [0x0000000774e00000,0x00000007781ff6d8,0x0000000778200000)
  to   space 76800K, 0% used [0x000000077e480000,0x000000077e480000,0x0000000782f80000)
 ParOldGen       total 117760K, used 117166K [0x00000006c0600000, 0x00000006c7900000, 0x000000076ad00000)
  object space 117760K, 99% used [0x00000006c0600000,0x00000006c786b850,0x00000006c7900000)
 Metaspace       used 22383K, capacity 22926K, committed 23216K, reserved 1069056K
  class space    used 2560K, capacity 2694K, committed 2736K, reserved 1048576K
Event: 10.899 GC heap after
Heap after GC invocations=11 (full 2):
 PSYoungGen      total 218112K, used 47491K [0x000000076ad00000, 0x0000000782f80000, 0x00000007c0000000)
  eden space 164864K, 0% used [0x000000076ad00000,0x000000076ad00000,0x0000000774e00000)
  from space 53248K, 89% used [0x0000000774e00000,0x0000000777c60e20,0x0000000778200000)
  to   space 76800K, 0% used [0x000000077e480000,0x000000077e480000,0x0000000782f80000)
 ParOldGen       total 308224K, used 117652K [0x00000006c0600000, 0x00000006d3300000, 0x000000076ad00000)
  object space 308224K, 38% used [0x00000006c0600000,0x00000006c78e5198,0x00000006d3300000)
 Metaspace       used 22383K, capacity 22926K, committed 23216K, reserved 1069056K
  class space    used 2560K, capacity 2694K, committed 2736K, reserved 1048576K
}

