# JRE version: Java(TM) SE Runtime Environment (8.0_111-b14) (build 1.8.0_111-b14)
# Java VM: Java HotSpot(TM) 64-Bit Server VM (25.111-b14 mixed mode windows-amd64 compressed oops)
Heap:
 PSYoungGen      total 515072K, used 515047K [0x000000076ad00000, 0x0000000798580000, 0x00000007c0000000)
  eden space 440832K, 100% used [0x000000076ad00000,0x0000000785b80000,0x0000000785b80000)
  from space 74240K, 99% used [0x000000078c800000,0x0000000791079fa0,0x0000000791080000)
  to   space 111104K, 67% used [0x0000000785b80000,0x000000078a49aa98,0x000000078c800000)
 ParOldGen       total 311808K, used 124937K [0x00000006c0600000, 0x00000006d3680000, 0x000000076ad00000)
  object space 311808K, 40% used [0x00000006c0600000,0x00000006c80026a0,0x00000006d3680000)
 Metaspace       used 21892K, capacity 22308K, committed 22528K, reserved 1069056K
  class space    used 2375K, capacity 2480K, committed 2560K, reserved 1048576K
GC Heap History (10 events):
Event: 4.290 GC heap after
Heap after GC invocations=5 (full 0):
 PSYoungGen      total 272896K, used 10720K [0x000000076ad00000, 0x0000000795c00000, 0x00000007c0000000)
  eden space 262144K, 0% used [0x000000076ad00000,0x000000076ad00000,0x000000077ad00000)
  from space 10752K, 99% used [0x000000077ad00000,0x000000077b7782a0,0x000000077b780000)
  to   space 89600K, 0% used [0x0000000790480000,0x0000000790480000,0x0000000795c00000)
 ParOldGen       total 175104K, used 119241K [0x00000006c0600000, 0x00000006cb100000, 0x000000076ad00000)
  object space 175104K, 68% used [0x00000006c0600000,0x00000006c7a727a8,0x00000006cb100000)
 Metaspace       used 18540K, capacity 18948K, committed 19072K, reserved 1067008K
  class space    used 2187K, capacity 2320K, committed 2432K, reserved 1048576K
}
Event: 4.290 GC heap before
{Heap before GC invocations=6 (full 1):
 PSYoungGen      total 272896K, used 10720K [0x000000076ad00000, 0x0000000795c00000, 0x00000007c0000000)
  eden space 262144K, 0% used [0x000000076ad00000,0x000000076ad00000,0x000000077ad00000)
  from space 10752K, 99% used [0x000000077ad00000,0x000000077b7782a0,0x000000077b780000)
  to   space 89600K, 0% used [0x0000000790480000,0x0000000790480000,0x0000000795c00000)
 ParOldGen       total 175104K, used 119241K [0x00000006c0600000, 0x00000006cb100000, 0x000000076ad00000)
  object space 175104K, 68% used [0x00000006c0600000,0x00000006c7a727a8,0x00000006cb100000)
 Metaspace       used 18540K, capacity 18948K, committed 19072K, reserved 1067008K
  class space    used 2187K, capacity 2320K, committed 2432K, reserved 1048576K
Event: 4.561 GC heap after
Heap after GC invocations=6 (full 1):
 PSYoungGen      total 272896K, used 0K [0x000000076ad00000, 0x0000000795c00000, 0x00000007c0000000)
  eden space 262144K, 0% used [0x000000076ad00000,0x000000076ad00000,0x000000077ad00000)
  from space 10752K, 0% used [0x000000077ad00000,0x000000077ad00000,0x000000077b780000)
  to   space 89600K, 0% used [0x0000000790480000,0x0000000790480000,0x0000000795c00000)
 ParOldGen       total 311808K, used 121929K [0x00000006c0600000, 0x00000006d3680000, 0x000000076ad00000)
  object space 311808K, 39% used [0x00000006c0600000,0x00000006c7d12670,0x00000006d3680000)
 Metaspace       used 18540K, capacity 18948K, committed 19072K, reserved 1067008K
  class space    used 2187K, capacity 2320K, committed 2432K, reserved 1048576K
}
Event: 6.052 GC heap before
{Heap before GC invocations=7 (full 1):
 PSYoungGen      total 272896K, used 262144K [0x000000076ad00000, 0x0000000795c00000, 0x00000007c0000000)
  eden space 262144K, 100% used [0x000000076ad00000,0x000000077ad00000,0x000000077ad00000)
  from space 10752K, 0% used [0x000000077ad00000,0x000000077ad00000,0x000000077b780000)
  to   space 89600K, 0% used [0x0000000790480000,0x0000000790480000,0x0000000795c00000)
 ParOldGen       total 311808K, used 121929K [0x00000006c0600000, 0x00000006d3680000, 0x000000076ad00000)
  object space 311808K, 39% used [0x00000006c0600000,0x00000006c7d12670,0x00000006d3680000)
 Metaspace       used 19642K, capacity 20068K, committed 20352K, reserved 1067008K
  class space    used 2234K, capacity 2352K, committed 2432K, reserved 1048576K
Event: 6.088 GC heap after
Heap after GC invocations=7 (full 1):
 PSYoungGen      total 396288K, used 61985K [0x000000076ad00000, 0x0000000794180000, 0x00000007c0000000)
  eden space 333824K, 0% used [0x000000076ad00000,0x000000076ad00000,0x000000077f300000)
  from space 62464K, 99% used [0x0000000790480000,0x0000000794108578,0x0000000794180000)
  to   space 96256K, 0% used [0x0000000788580000,0x0000000788580000,0x000000078e380000)
 ParOldGen       total 311808K, used 121937K [0x00000006c0600000, 0x00000006d3680000, 0x000000076ad00000)
  object space 311808K, 39% used [0x00000006c0600000,0x00000006c7d14670,0x00000006d3680000)
 Metaspace       used 19642K, capacity 20068K, committed 20352K, reserved 1067008K
  class space    used 2234K, capacity 2352K, committed 2432K, reserved 1048576K
}
Event: 8.955 GC heap before
{Heap before GC invocations=8 (full 1):
 PSYoungGen      total 396288K, used 395809K [0x000000076ad00000, 0x0000000794180000, 0x00000007c0000000)
  eden space 333824K, 100% used [0x000000076ad00000,0x000000077f300000,0x000000077f300000)
  from space 62464K, 99% used [0x0000000790480000,0x0000000794108578,0x0000000794180000)
  to   space 96256K, 0% used [0x0000000788580000,0x0000000788580000,0x000000078e380000)
 ParOldGen       total 311808K, used 121937K [0x00000006c0600000, 0x00000006d3680000, 0x000000076ad00000)
  object space 311808K, 39% used [0x00000006c0600000,0x00000006c7d14670,0x00000006d3680000)
 Metaspace       used 21748K, capacity 22116K, committed 22272K, reserved 1069056K
  class space    used 2370K, capacity 2480K, committed 2560K, reserved 1048576K
Event: 9.010 GC heap after
Heap after GC invocations=8 (full 1):
 PSYoungGen      total 487424K, used 68031K [0x000000076ad00000, 0x0000000791080000, 0x00000007c0000000)
  eden space 419328K, 0% used [0x000000076ad00000,0x000000076ad00000,0x0000000784680000)
  from space 68096K, 99% used [0x0000000788580000,0x000000078c7eff58,0x000000078c800000)
  to   space 74240K, 0% used [0x000000078c800000,0x000000078c800000,0x0000000791080000)
 ParOldGen       total 311808K, used 121945K [0x00000006c0600000, 0x00000006d3680000, 0x000000076ad00000)
  object space 311808K, 39% used [0x00000006c0600000,0x00000006c7d16670,0x00000006d3680000)
 Metaspace       used 21748K, capacity 22116K, committed 22272K, reserved 1069056K
  class space    used 2370K, capacity 2480K, committed 2560K, reserved 1048576K
}
Event: 11.423 GC heap before
{Heap before GC invocations=9 (full 1):
 PSYoungGen      total 487424K, used 487359K [0x000000076ad00000, 0x0000000791080000, 0x00000007c0000000)
  eden space 419328K, 100% used [0x000000076ad00000,0x0000000784680000,0x0000000784680000)
  from space 68096K, 99% used [0x0000000788580000,0x000000078c7eff58,0x000000078c800000)
  to   space 74240K, 0% used [0x000000078c800000,0x000000078c800000,0x0000000791080000)
 ParOldGen       total 311808K, used 121945K [0x00000006c0600000, 0x00000006d3680000, 0x000000076ad00000)
  object space 311808K, 39% used [0x00000006c0600000,0x00000006c7d16670,0x00000006d3680000)
 Metaspace       used 21860K, capacity 22244K, committed 22528K, reserved 1069056K
  class space    used 2374K, capacity 2480K, committed 2560K, reserved 1048576K
Event: 11.467 GC heap after
Heap after GC invocations=9 (full 1):
 PSYoungGen      total 515072K, used 74215K [0x000000076ad00000, 0x0000000798580000, 0x00000007c0000000)
  eden space 440832K, 0% used [0x000000076ad00000,0x000000076ad00000,0x0000000785b80000)
  from space 74240K, 99% used [0x000000078c800000,0x0000000791079fa0,0x0000000791080000)
  to   space 111104K, 0% used [0x0000000785b80000,0x0000000785b80000,0x000000078c800000)
 ParOldGen       total 311808K, used 124937K [0x00000006c0600000, 0x00000006d3680000, 0x000000076ad00000)
  object space 311808K, 40% used [0x00000006c0600000,0x00000006c80026a0,0x00000006d3680000)
 Metaspace       used 21860K, capacity 22244K, committed 22528K, reserved 1069056K
  class space    used 2374K, capacity 2480K, committed 2560K, reserved 1048576K
}
Event: 13.221 GC heap before
{Heap before GC invocations=10 (full 1):
 PSYoungGen      total 515072K, used 515047K [0x000000076ad00000, 0x0000000798580000, 0x00000007c0000000)
  eden space 440832K, 100% used [0x000000076ad00000,0x0000000785b80000,0x0000000785b80000)
  from space 74240K, 99% used [0x000000078c800000,0x0000000791079fa0,0x0000000791080000)
  to   space 111104K, 0% used [0x0000000785b80000,0x0000000785b80000,0x000000078c800000)
 ParOldGen       total 311808K, used 124937K [0x00000006c0600000, 0x00000006d3680000, 0x000000076ad00000)
  object space 311808K, 40% used [0x00000006c0600000,0x00000006c80026a0,0x00000006d3680000)
 Metaspace       used 21892K, capacity 22308K, committed 22528K, reserved 1069056K
  class space    used 2375K, capacity 2480K, committed 2560K, reserved 1048576K

