# JRE version: Java(TM) SE Runtime Environment (8.0_111-b14) (build 1.8.0_111-b14)
# Java VM: Java HotSpot(TM) 64-Bit Server VM (25.111-b14 mixed mode windows-amd64 compressed oops)
Heap:
 PSYoungGen      total 246272K, used 107126K [0x000000076ad00000, 0x000000077cf80000, 0x00000007c0000000)
  eden space 194560K, 39% used [0x000000076ad00000,0x000000076f8e0eb8,0x0000000776b00000)
  from space 51712K, 56% used [0x0000000779d00000,0x000000077b9bccc0,0x000000077cf80000)
  to   space 51200K, 0% used [0x0000000776b00000,0x0000000776b00000,0x0000000779d00000)
 ParOldGen       total 398848K, used 185164K [0x00000006c0600000, 0x00000006d8b80000, 0x000000076ad00000)
  object space 398848K, 46% used [0x00000006c0600000,0x00000006cbad3060,0x00000006d8b80000)
 Metaspace       used 27653K, capacity 28052K, committed 28336K, reserved 1075200K
  class space    used 3067K, capacity 3211K, committed 3248K, reserved 1048576K
GC Heap History (10 events):
Event: 27.800 GC heap before
{Heap before GC invocations=21 (full 3):
 PSYoungGen      total 231424K, used 183246K [0x000000076ad00000, 0x000000077cf80000, 0x00000007c0000000)
  eden space 166400K, 100% used [0x000000076ad00000,0x0000000774f80000,0x0000000774f80000)
  from space 65024K, 25% used [0x0000000774f80000,0x0000000775ff3ac0,0x0000000778f00000)
  to   space 61952K, 0% used [0x0000000779300000,0x0000000779300000,0x000000077cf80000)
 ParOldGen       total 398848K, used 185148K [0x00000006c0600000, 0x00000006d8b80000, 0x000000076ad00000)
  object space 398848K, 46% used [0x00000006c0600000,0x00000006cbacf060,0x00000006d8b80000)
 Metaspace       used 27588K, capacity 27988K, committed 28336K, reserved 1075200K
  class space    used 3064K, capacity 3211K, committed 3248K, reserved 1048576K
Event: 27.815 GC heap after
Heap after GC invocations=21 (full 3):
 PSYoungGen      total 228352K, used 19610K [0x000000076ad00000, 0x000000077c800000, 0x00000007c0000000)
  eden space 174080K, 0% used [0x000000076ad00000,0x000000076ad00000,0x0000000775700000)
  from space 54272K, 36% used [0x0000000779300000,0x000000077a626988,0x000000077c800000)
  to   space 57856K, 0% used [0x0000000775700000,0x0000000775700000,0x0000000778f80000)
 ParOldGen       total 398848K, used 185148K [0x00000006c0600000, 0x00000006d8b80000, 0x000000076ad00000)
  object space 398848K, 46% used [0x00000006c0600000,0x00000006cbacf060,0x00000006d8b80000)
 Metaspace       used 27588K, capacity 27988K, committed 28336K, reserved 1075200K
  class space    used 3064K, capacity 3211K, committed 3248K, reserved 1048576K
}
Event: 28.432 GC heap before
{Heap before GC invocations=22 (full 3):
 PSYoungGen      total 228352K, used 193690K [0x000000076ad00000, 0x000000077c800000, 0x00000007c0000000)
  eden space 174080K, 100% used [0x000000076ad00000,0x0000000775700000,0x0000000775700000)
  from space 54272K, 36% used [0x0000000779300000,0x000000077a626988,0x000000077c800000)
  to   space 57856K, 0% used [0x0000000775700000,0x0000000775700000,0x0000000778f80000)
 ParOldGen       total 398848K, used 185148K [0x00000006c0600000, 0x00000006d8b80000, 0x000000076ad00000)
  object space 398848K, 46% used [0x00000006c0600000,0x00000006cbacf060,0x00000006d8b80000)
 Metaspace       used 27600K, capacity 28052K, committed 28336K, reserved 1075200K
  class space    used 3064K, capacity 3211K, committed 3248K, reserved 1048576K
Event: 28.449 GC heap after
Heap after GC invocations=22 (full 3):
 PSYoungGen      total 231936K, used 21786K [0x000000076ad00000, 0x000000077ca80000, 0x00000007c0000000)
  eden space 174080K, 0% used [0x000000076ad00000,0x000000076ad00000,0x0000000775700000)
  from space 57856K, 37% used [0x0000000775700000,0x0000000776c46988,0x0000000778f80000)
  to   space 54784K, 0% used [0x0000000779500000,0x0000000779500000,0x000000077ca80000)
 ParOldGen       total 398848K, used 185156K [0x00000006c0600000, 0x00000006d8b80000, 0x000000076ad00000)
  object space 398848K, 46% used [0x00000006c0600000,0x00000006cbad1060,0x00000006d8b80000)
 Metaspace       used 27600K, capacity 28052K, committed 28336K, reserved 1075200K
  class space    used 3064K, capacity 3211K, committed 3248K, reserved 1048576K
}
Event: 29.121 GC heap before
{Heap before GC invocations=23 (full 3):
 PSYoungGen      total 231936K, used 195866K [0x000000076ad00000, 0x000000077ca80000, 0x00000007c0000000)
  eden space 174080K, 100% used [0x000000076ad00000,0x0000000775700000,0x0000000775700000)
  from space 57856K, 37% used [0x0000000775700000,0x0000000776c46988,0x0000000778f80000)
  to   space 54784K, 0% used [0x0000000779500000,0x0000000779500000,0x000000077ca80000)
 ParOldGen       total 398848K, used 185156K [0x00000006c0600000, 0x00000006d8b80000, 0x000000076ad00000)
  object space 398848K, 46% used [0x00000006c0600000,0x00000006cbad1060,0x00000006d8b80000)
 Metaspace       used 27604K, capacity 28052K, committed 28336K, reserved 1075200K
  class space    used 3064K, capacity 3211K, committed 3248K, reserved 1048576K
Event: 29.141 GC heap after
Heap after GC invocations=23 (full 3):
 PSYoungGen      total 235520K, used 24771K [0x000000076ad00000, 0x000000077c780000, 0x00000007c0000000)
  eden space 183808K, 0% used [0x000000076ad00000,0x000000076ad00000,0x0000000776080000)
  from space 51712K, 47% used [0x0000000779500000,0x000000077ad30cc0,0x000000077c780000)
  to   space 52736K, 0% used [0x0000000776080000,0x0000000776080000,0x0000000779400000)
 ParOldGen       total 398848K, used 185156K [0x00000006c0600000, 0x00000006d8b80000, 0x000000076ad00000)
  object space 398848K, 46% used [0x00000006c0600000,0x00000006cbad1060,0x00000006d8b80000)
 Metaspace       used 27604K, capacity 28052K, committed 28336K, reserved 1075200K
  class space    used 3064K, capacity 3211K, committed 3248K, reserved 1048576K
}
Event: 29.861 GC heap before
{Heap before GC invocations=24 (full 3):
 PSYoungGen      total 235520K, used 208579K [0x000000076ad00000, 0x000000077c780000, 0x00000007c0000000)
  eden space 183808K, 100% used [0x000000076ad00000,0x0000000776080000,0x0000000776080000)
  from space 51712K, 47% used [0x0000000779500000,0x000000077ad30cc0,0x000000077c780000)
  to   space 52736K, 0% used [0x0000000776080000,0x0000000776080000,0x0000000779400000)
 ParOldGen       total 398848K, used 185156K [0x00000006c0600000, 0x00000006d8b80000, 0x000000076ad00000)
  object space 398848K, 46% used [0x00000006c0600000,0x00000006cbad1060,0x00000006d8b80000)
 Metaspace       used 27617K, capacity 28052K, committed 28336K, reserved 1075200K
  class space    used 3064K, capacity 3211K, committed 3248K, reserved 1048576K
Event: 29.878 GC heap after
Heap after GC invocations=24 (full 3):
 PSYoungGen      total 236544K, used 27306K [0x000000076ad00000, 0x000000077cf80000, 0x00000007c0000000)
  eden space 183808K, 0% used [0x000000076ad00000,0x000000076ad00000,0x0000000776080000)
  from space 52736K, 51% used [0x0000000776080000,0x0000000777b2a978,0x0000000779400000)
  to   space 51712K, 0% used [0x0000000779d00000,0x0000000779d00000,0x000000077cf80000)
 ParOldGen       total 398848K, used 185164K [0x00000006c0600000, 0x00000006d8b80000, 0x000000076ad00000)
  object space 398848K, 46% used [0x00000006c0600000,0x00000006cbad3060,0x00000006d8b80000)
 Metaspace       used 27617K, capacity 28052K, committed 28336K, reserved 1075200K
  class space    used 3064K, capacity 3211K, committed 3248K, reserved 1048576K
}
Event: 30.576 GC heap before
{Heap before GC invocations=25 (full 3):
 PSYoungGen      total 236544K, used 211114K [0x000000076ad00000, 0x000000077cf80000, 0x00000007c0000000)
  eden space 183808K, 100% used [0x000000076ad00000,0x0000000776080000,0x0000000776080000)
  from space 52736K, 51% used [0x0000000776080000,0x0000000777b2a978,0x0000000779400000)
  to   space 51712K, 0% used [0x0000000779d00000,0x0000000779d00000,0x000000077cf80000)
 ParOldGen       total 398848K, used 185164K [0x00000006c0600000, 0x00000006d8b80000, 0x000000076ad00000)
  object space 398848K, 46% used [0x00000006c0600000,0x00000006cbad3060,0x00000006d8b80000)
 Metaspace       used 27647K, capacity 28052K, committed 28336K, reserved 1075200K
  class space    used 3067K, capacity 3211K, committed 3248K, reserved 1048576K
Event: 30.599 GC heap after
Heap after GC invocations=25 (full 3):
 PSYoungGen      total 246272K, used 29427K [0x000000076ad00000, 0x000000077cf80000, 0x00000007c0000000)
  eden space 194560K, 0% used [0x000000076ad00000,0x000000076ad00000,0x0000000776b00000)
  from space 51712K, 56% used [0x0000000779d00000,0x000000077b9bccc0,0x000000077cf80000)
  to   space 51200K, 0% used [0x0000000776b00000,0x0000000776b00000,0x0000000779d00000)
 ParOldGen       total 398848K, used 185164K [0x00000006c0600000, 0x00000006d8b80000, 0x000000076ad00000)
  object space 398848K, 46% used [0x00000006c0600000,0x00000006cbad3060,0x00000006d8b80000)
 Metaspace       used 27647K, capacity 28052K, committed 28336K, reserved 1075200K
  class space    used 3067K, capacity 3211K, committed 3248K, reserved 1048576K
}

