# JRE version: Java(TM) SE Runtime Environment (8.0_111-b14) (build 1.8.0_111-b14)
# Java VM: Java HotSpot(TM) 64-Bit Server VM (25.111-b14 mixed mode windows-amd64 compressed oops)
Heap:
 PSYoungGen      total 114688K, used 50454K [0x000000076ad00000, 0x0000000774900000, 0x00000007c0000000)
  eden space 100352K, 36% used [0x000000076ad00000,0x000000076d048308,0x0000000770f00000)
  from space 14336K, 99% used [0x0000000773b00000,0x00000007748fd890,0x0000000774900000)
  to   space 16896K, 0% used [0x0000000772800000,0x0000000772800000,0x0000000773880000)
 ParOldGen       total 117248K, used 17971K [0x00000006c0600000, 0x00000006c7880000, 0x000000076ad00000)
  object space 117248K, 15% used [0x00000006c0600000,0x00000006c178cea0,0x00000006c7880000)
 Metaspace       used 21611K, capacity 22190K, committed 22320K, reserved 1069056K
  class space    used 2534K, capacity 2662K, committed 2688K, reserved 1048576K
GC Heap History (10 events):
Event: 4.262 GC heap before
{Heap before GC invocations=3 (full 0):
 PSYoungGen      total 76288K, used 76259K [0x000000076ad00000, 0x0000000770200000, 0x00000007c0000000)
  eden space 65536K, 100% used [0x000000076ad00000,0x000000076ed00000,0x000000076ed00000)
  from space 10752K, 99% used [0x000000076f780000,0x00000007701f8f48,0x0000000770200000)
  to   space 10752K, 0% used [0x000000076ed00000,0x000000076ed00000,0x000000076f780000)
 ParOldGen       total 175104K, used 949K [0x00000006c0600000, 0x00000006cb100000, 0x000000076ad00000)
  object space 175104K, 0% used [0x00000006c0600000,0x00000006c06ed488,0x00000006cb100000)
 Metaspace       used 16609K, capacity 17042K, committed 17152K, reserved 1064960K
  class space    used 1940K, capacity 2030K, committed 2048K, reserved 1048576K
Event: 4.272 GC heap after
Heap after GC invocations=3 (full 0):
 PSYoungGen      total 76288K, used 10736K [0x000000076ad00000, 0x0000000770200000, 0x00000007c0000000)
  eden space 65536K, 0% used [0x000000076ad00000,0x000000076ad00000,0x000000076ed00000)
  from space 10752K, 99% used [0x000000076ed00000,0x000000076f77c010,0x000000076f780000)
  to   space 10752K, 0% used [0x000000076f780000,0x000000076f780000,0x0000000770200000)
 ParOldGen       total 175104K, used 2885K [0x00000006c0600000, 0x00000006cb100000, 0x000000076ad00000)
  object space 175104K, 1% used [0x00000006c0600000,0x00000006c08d15d8,0x00000006cb100000)
 Metaspace       used 16609K, capacity 17042K, committed 17152K, reserved 1064960K
  class space    used 1940K, capacity 2030K, committed 2048K, reserved 1048576K
}
Event: 4.861 GC heap before
{Heap before GC invocations=4 (full 0):
 PSYoungGen      total 76288K, used 76272K [0x000000076ad00000, 0x0000000770200000, 0x00000007c0000000)
  eden space 65536K, 100% used [0x000000076ad00000,0x000000076ed00000,0x000000076ed00000)
  from space 10752K, 99% used [0x000000076ed00000,0x000000076f77c010,0x000000076f780000)
  to   space 10752K, 0% used [0x000000076f780000,0x000000076f780000,0x0000000770200000)
 ParOldGen       total 175104K, used 2885K [0x00000006c0600000, 0x00000006cb100000, 0x000000076ad00000)
  object space 175104K, 1% used [0x00000006c0600000,0x00000006c08d15d8,0x00000006cb100000)
 Metaspace       used 17421K, capacity 17914K, committed 18048K, reserved 1064960K
  class space    used 2001K, capacity 2110K, committed 2176K, reserved 1048576K
Event: 4.876 GC heap after
Heap after GC invocations=4 (full 0):
 PSYoungGen      total 76288K, used 10736K [0x000000076ad00000, 0x0000000774200000, 0x00000007c0000000)
  eden space 65536K, 0% used [0x000000076ad00000,0x000000076ad00000,0x000000076ed00000)
  from space 10752K, 99% used [0x000000076f780000,0x00000007701fc010,0x0000000770200000)
  to   space 10752K, 0% used [0x000000076ed00000,0x000000076ed00000,0x000000076f780000)
 ParOldGen       total 175104K, used 5544K [0x00000006c0600000, 0x00000006cb100000, 0x000000076ad00000)
  object space 175104K, 3% used [0x00000006c0600000,0x00000006c0b6a038,0x00000006cb100000)
 Metaspace       used 17421K, capacity 17914K, committed 18048K, reserved 1064960K
  class space    used 2001K, capacity 2110K, committed 2176K, reserved 1048576K
}
Event: 5.192 GC heap before
{Heap before GC invocations=5 (full 0):
 PSYoungGen      total 76288K, used 43523K [0x000000076ad00000, 0x0000000774200000, 0x00000007c0000000)
  eden space 65536K, 50% used [0x000000076ad00000,0x000000076cd04c40,0x000000076ed00000)
  from space 10752K, 99% used [0x000000076f780000,0x00000007701fc010,0x0000000770200000)
  to   space 10752K, 0% used [0x000000076ed00000,0x000000076ed00000,0x000000076f780000)
 ParOldGen       total 175104K, used 5544K [0x00000006c0600000, 0x00000006cb100000, 0x000000076ad00000)
  object space 175104K, 3% used [0x00000006c0600000,0x00000006c0b6a038,0x00000006cb100000)
 Metaspace       used 20572K, capacity 21070K, committed 21296K, reserved 1069056K
  class space    used 2450K, capacity 2566K, committed 2688K, reserved 1048576K
Event: 5.203 GC heap after
Heap after GC invocations=5 (full 0):
 PSYoungGen      total 76288K, used 10731K [0x000000076ad00000, 0x0000000774900000, 0x00000007c0000000)
  eden space 65536K, 0% used [0x000000076ad00000,0x000000076ad00000,0x000000076ed00000)
  from space 10752K, 99% used [0x000000076ed00000,0x000000076f77ade0,0x000000076f780000)
  to   space 14336K, 0% used [0x0000000773b00000,0x0000000773b00000,0x0000000774900000)
 ParOldGen       total 175104K, used 6845K [0x00000006c0600000, 0x00000006cb100000, 0x000000076ad00000)
  object space 175104K, 3% used [0x00000006c0600000,0x00000006c0caf7b8,0x00000006cb100000)
 Metaspace       used 20572K, capacity 21070K, committed 21296K, reserved 1069056K
  class space    used 2450K, capacity 2566K, committed 2688K, reserved 1048576K
}
Event: 5.203 GC heap before
{Heap before GC invocations=6 (full 1):
 PSYoungGen      total 76288K, used 10731K [0x000000076ad00000, 0x0000000774900000, 0x00000007c0000000)
  eden space 65536K, 0% used [0x000000076ad00000,0x000000076ad00000,0x000000076ed00000)
  from space 10752K, 99% used [0x000000076ed00000,0x000000076f77ade0,0x000000076f780000)
  to   space 14336K, 0% used [0x0000000773b00000,0x0000000773b00000,0x0000000774900000)
 ParOldGen       total 175104K, used 6845K [0x00000006c0600000, 0x00000006cb100000, 0x000000076ad00000)
  object space 175104K, 3% used [0x00000006c0600000,0x00000006c0caf7b8,0x00000006cb100000)
 Metaspace       used 20572K, capacity 21070K, committed 21296K, reserved 1069056K
  class space    used 2450K, capacity 2566K, committed 2688K, reserved 1048576K
Event: 5.284 GC heap after
Heap after GC invocations=6 (full 1):
 PSYoungGen      total 76288K, used 0K [0x000000076ad00000, 0x0000000774900000, 0x00000007c0000000)
  eden space 65536K, 0% used [0x000000076ad00000,0x000000076ad00000,0x000000076ed00000)
  from space 10752K, 0% used [0x000000076ed00000,0x000000076ed00000,0x000000076f780000)
  to   space 14336K, 0% used [0x0000000773b00000,0x0000000773b00000,0x0000000774900000)
 ParOldGen       total 117248K, used 15126K [0x00000006c0600000, 0x00000006c7880000, 0x000000076ad00000)
  object space 117248K, 12% used [0x00000006c0600000,0x00000006c14c5b10,0x00000006c7880000)
 Metaspace       used 20572K, capacity 21070K, committed 21296K, reserved 1069056K
  class space    used 2450K, capacity 2566K, committed 2688K, reserved 1048576K
}
Event: 6.103 GC heap before
{Heap before GC invocations=7 (full 1):
 PSYoungGen      total 76288K, used 65536K [0x000000076ad00000, 0x0000000774900000, 0x00000007c0000000)
  eden space 65536K, 100% used [0x000000076ad00000,0x000000076ed00000,0x000000076ed00000)
  from space 10752K, 0% used [0x000000076ed00000,0x000000076ed00000,0x000000076f780000)
  to   space 14336K, 0% used [0x0000000773b00000,0x0000000773b00000,0x0000000774900000)
 ParOldGen       total 117248K, used 15126K [0x00000006c0600000, 0x00000006c7880000, 0x000000076ad00000)
  object space 117248K, 12% used [0x00000006c0600000,0x00000006c14c5b10,0x00000006c7880000)
 Metaspace       used 21587K, capacity 22126K, committed 22320K, reserved 1069056K
  class space    used 2534K, capacity 2662K, committed 2688K, reserved 1048576K
Event: 6.126 GC heap after
Heap after GC invocations=7 (full 1):
 PSYoungGen      total 114688K, used 14326K [0x000000076ad00000, 0x0000000774900000, 0x00000007c0000000)
  eden space 100352K, 0% used [0x000000076ad00000,0x000000076ad00000,0x0000000770f00000)
  from space 14336K, 99% used [0x0000000773b00000,0x00000007748fd890,0x0000000774900000)
  to   space 16896K, 0% used [0x0000000772800000,0x0000000772800000,0x0000000773880000)
 ParOldGen       total 117248K, used 17971K [0x00000006c0600000, 0x00000006c7880000, 0x000000076ad00000)
  object space 117248K, 15% used [0x00000006c0600000,0x00000006c178cea0,0x00000006c7880000)
 Metaspace       used 21587K, capacity 22126K, committed 22320K, reserved 1069056K
  class space    used 2534K, capacity 2662K, committed 2688K, reserved 1048576K
}

