# JRE version: Java(TM) SE Runtime Environment (8.0_111-b14) (build 1.8.0_111-b14)
# Java VM: Java HotSpot(TM) 64-Bit Server VM (25.111-b14 mixed mode windows-amd64 compressed oops)
Heap:
 PSYoungGen      total 260608K, used 185444K [0x000000076ad00000, 0x0000000786480000, 0x00000007c0000000)
  eden space 230400K, 79% used [0x000000076ad00000,0x00000007760a03b8,0x0000000778e00000)
  from space 30208K, 4% used [0x0000000778e00000,0x0000000778f78fe0,0x000000077ab80000)
  to   space 63488K, 0% used [0x0000000782680000,0x0000000782680000,0x0000000786480000)
 ParOldGen       total 343040K, used 119806K [0x00000006c0600000, 0x00000006d5500000, 0x000000076ad00000)
  object space 343040K, 34% used [0x00000006c0600000,0x00000006c7affa50,0x00000006d5500000)
 Metaspace       used 22301K, capacity 22774K, committed 22960K, reserved 1069056K
  class space    used 2554K, capacity 2686K, committed 2736K, reserved 1048576K
GC Heap History (10 events):
Event: 3.989 GC heap before
{Heap before GC invocations=5 (full 0):
 PSYoungGen      total 141824K, used 37201K [0x000000076ad00000, 0x0000000774200000, 0x00000007c0000000)
  eden space 131072K, 20% used [0x000000076ad00000,0x000000076c6dc750,0x0000000772d00000)
  from space 10752K, 99% used [0x0000000773780000,0x00000007741f8020,0x0000000774200000)
  to   space 10752K, 0% used [0x0000000772d00000,0x0000000772d00000,0x0000000773780000)
 ParOldGen       total 175104K, used 5454K [0x00000006c0600000, 0x00000006cb100000, 0x000000076ad00000)
  object space 175104K, 3% used [0x00000006c0600000,0x00000006c0b53bf8,0x00000006cb100000)
 Metaspace       used 20787K, capacity 21270K, committed 21296K, reserved 1069056K
  class space    used 2467K, capacity 2590K, committed 2608K, reserved 1048576K
Event: 3.999 GC heap after
Heap after GC invocations=5 (full 0):
 PSYoungGen      total 141824K, used 10731K [0x000000076ad00000, 0x000000077c900000, 0x00000007c0000000)
  eden space 131072K, 0% used [0x000000076ad00000,0x000000076ad00000,0x0000000772d00000)
  from space 10752K, 99% used [0x0000000772d00000,0x000000077377ade0,0x0000000773780000)
  to   space 14336K, 0% used [0x000000077bb00000,0x000000077bb00000,0x000000077c900000)
 ParOldGen       total 175104K, used 6622K [0x00000006c0600000, 0x00000006cb100000, 0x000000076ad00000)
  object space 175104K, 3% used [0x00000006c0600000,0x00000006c0c77870,0x00000006cb100000)
 Metaspace       used 20787K, capacity 21270K, committed 21296K, reserved 1069056K
  class space    used 2467K, capacity 2590K, committed 2608K, reserved 1048576K
}
Event: 3.999 GC heap before
{Heap before GC invocations=6 (full 1):
 PSYoungGen      total 141824K, used 10731K [0x000000076ad00000, 0x000000077c900000, 0x00000007c0000000)
  eden space 131072K, 0% used [0x000000076ad00000,0x000000076ad00000,0x0000000772d00000)
  from space 10752K, 99% used [0x0000000772d00000,0x000000077377ade0,0x0000000773780000)
  to   space 14336K, 0% used [0x000000077bb00000,0x000000077bb00000,0x000000077c900000)
 ParOldGen       total 175104K, used 6622K [0x00000006c0600000, 0x00000006cb100000, 0x000000076ad00000)
  object space 175104K, 3% used [0x00000006c0600000,0x00000006c0c77870,0x00000006cb100000)
 Metaspace       used 20787K, capacity 21270K, committed 21296K, reserved 1069056K
  class space    used 2467K, capacity 2590K, committed 2608K, reserved 1048576K
Event: 4.062 GC heap after
Heap after GC invocations=6 (full 1):
 PSYoungGen      total 141824K, used 0K [0x000000076ad00000, 0x000000077c900000, 0x00000007c0000000)
  eden space 131072K, 0% used [0x000000076ad00000,0x000000076ad00000,0x0000000772d00000)
  from space 10752K, 0% used [0x0000000772d00000,0x0000000772d00000,0x0000000773780000)
  to   space 14336K, 0% used [0x000000077bb00000,0x000000077bb00000,0x000000077c900000)
 ParOldGen       total 119808K, used 14873K [0x00000006c0600000, 0x00000006c7b00000, 0x000000076ad00000)
  object space 119808K, 12% used [0x00000006c0600000,0x00000006c1486628,0x00000006c7b00000)
 Metaspace       used 20787K, capacity 21270K, committed 21296K, reserved 1069056K
  class space    used 2467K, capacity 2590K, committed 2608K, reserved 1048576K
}
Event: 5.094 GC heap before
{Heap before GC invocations=7 (full 1):
 PSYoungGen      total 141824K, used 131072K [0x000000076ad00000, 0x000000077c900000, 0x00000007c0000000)
  eden space 131072K, 100% used [0x000000076ad00000,0x0000000772d00000,0x0000000772d00000)
  from space 10752K, 0% used [0x0000000772d00000,0x0000000772d00000,0x0000000773780000)
  to   space 14336K, 0% used [0x000000077bb00000,0x000000077bb00000,0x000000077c900000)
 ParOldGen       total 119808K, used 14873K [0x00000006c0600000, 0x00000006c7b00000, 0x000000076ad00000)
  object space 119808K, 12% used [0x00000006c0600000,0x00000006c1486628,0x00000006c7b00000)
 Metaspace       used 21548K, capacity 22038K, committed 22192K, reserved 1069056K
  class space    used 2525K, capacity 2654K, committed 2736K, reserved 1048576K
Event: 5.126 GC heap after
Heap after GC invocations=7 (full 1):
 PSYoungGen      total 212992K, used 14327K [0x000000076ad00000, 0x000000077c900000, 0x00000007c0000000)
  eden space 198656K, 0% used [0x000000076ad00000,0x000000076ad00000,0x0000000776f00000)
  from space 14336K, 99% used [0x000000077bb00000,0x000000077c8fdd98,0x000000077c900000)
  to   space 30208K, 0% used [0x0000000778e00000,0x0000000778e00000,0x000000077ab80000)
 ParOldGen       total 119808K, used 41519K [0x00000006c0600000, 0x00000006c7b00000, 0x000000076ad00000)
  object space 119808K, 34% used [0x00000006c0600000,0x00000006c2e8bf10,0x00000006c7b00000)
 Metaspace       used 21548K, capacity 22038K, committed 22192K, reserved 1069056K
  class space    used 2525K, capacity 2654K, committed 2736K, reserved 1048576K
}
Event: 6.184 GC heap before
{Heap before GC invocations=8 (full 1):
 PSYoungGen      total 212992K, used 212983K [0x000000076ad00000, 0x000000077c900000, 0x00000007c0000000)
  eden space 198656K, 100% used [0x000000076ad00000,0x0000000776f00000,0x0000000776f00000)
  from space 14336K, 99% used [0x000000077bb00000,0x000000077c8fdd98,0x000000077c900000)
  to   space 30208K, 0% used [0x0000000778e00000,0x0000000778e00000,0x000000077ab80000)
 ParOldGen       total 119808K, used 41519K [0x00000006c0600000, 0x00000006c7b00000, 0x000000076ad00000)
  object space 119808K, 34% used [0x00000006c0600000,0x00000006c2e8bf10,0x00000006c7b00000)
 Metaspace       used 21643K, capacity 22102K, committed 22192K, reserved 1069056K
  class space    used 2531K, capacity 2654K, committed 2736K, reserved 1048576K
Event: 6.245 GC heap after
Heap after GC invocations=8 (full 1):
 PSYoungGen      total 260608K, used 30204K [0x000000076ad00000, 0x0000000786480000, 0x00000007c0000000)
  eden space 230400K, 0% used [0x000000076ad00000,0x000000076ad00000,0x0000000778e00000)
  from space 30208K, 99% used [0x0000000778e00000,0x000000077ab7f330,0x000000077ab80000)
  to   space 63488K, 0% used [0x0000000782680000,0x0000000782680000,0x0000000786480000)
 ParOldGen       total 119808K, used 98358K [0x00000006c0600000, 0x00000006c7b00000, 0x000000076ad00000)
  object space 119808K, 82% used [0x00000006c0600000,0x00000006c660da20,0x00000006c7b00000)
 Metaspace       used 21643K, capacity 22102K, committed 22192K, reserved 1069056K
  class space    used 2531K, capacity 2654K, committed 2736K, reserved 1048576K
}
Event: 6.245 GC heap before
{Heap before GC invocations=9 (full 2):
 PSYoungGen      total 260608K, used 30204K [0x000000076ad00000, 0x0000000786480000, 0x00000007c0000000)
  eden space 230400K, 0% used [0x000000076ad00000,0x000000076ad00000,0x0000000778e00000)
  from space 30208K, 99% used [0x0000000778e00000,0x000000077ab7f330,0x000000077ab80000)
  to   space 63488K, 0% used [0x0000000782680000,0x0000000782680000,0x0000000786480000)
 ParOldGen       total 119808K, used 98358K [0x00000006c0600000, 0x00000006c7b00000, 0x000000076ad00000)
  object space 119808K, 82% used [0x00000006c0600000,0x00000006c660da20,0x00000006c7b00000)
 Metaspace       used 21643K, capacity 22102K, committed 22192K, reserved 1069056K
  class space    used 2531K, capacity 2654K, committed 2736K, reserved 1048576K
Event: 6.683 GC heap after
Heap after GC invocations=9 (full 2):
 PSYoungGen      total 260608K, used 1507K [0x000000076ad00000, 0x0000000786480000, 0x00000007c0000000)
  eden space 230400K, 0% used [0x000000076ad00000,0x000000076ad00000,0x0000000778e00000)
  from space 30208K, 4% used [0x0000000778e00000,0x0000000778f78fe0,0x000000077ab80000)
  to   space 63488K, 0% used [0x0000000782680000,0x0000000782680000,0x0000000786480000)
 ParOldGen       total 343040K, used 119806K [0x00000006c0600000, 0x00000006d5500000, 0x000000076ad00000)
  object space 343040K, 34% used [0x00000006c0600000,0x00000006c7affa50,0x00000006d5500000)
 Metaspace       used 21643K, capacity 22102K, committed 22192K, reserved 1069056K
  class space    used 2531K, capacity 2654K, committed 2736K, reserved 1048576K
}

